<?xml version="1.0" encoding="UTF-8" ?>
<testsuite tests="31" failures="0" name="mx.unam.ciencias.edd.proyecto2.test.TestLista" time="0.071" errors="0" skipped="0">
  <properties>
    <property name="java.runtime.name" value="Java(TM) SE Runtime Environment"/>
    <property name="java.vm.version" value="11.0.8+10-LTS"/>
    <property name="sun.boot.library.path" value="/Library/Java/JavaVirtualMachines/jdk-11.0.8.jdk/Contents/Home/lib"/>
    <property name="gopherProxySet" value="false"/>
    <property name="maven.multiModuleProjectDirectory" value="/Users/daniel/OneDrive - UNIVERSIDAD NACIONAL AUTO패NOMA DE ME패XICO/owncloud/Documentos/CIENCIAS DE LA COMPUTACION/2DO_SEMESTRE/ESTRUCTURAS DE DATOS/PROYECTOS/P2/DataStructures/proyecto2"/>
    <property name="java.vm.vendor" value="Oracle Corporation"/>
    <property name="java.vendor.url" value="https://openjdk.java.net/"/>
    <property name="guice.disable.misplaced.annotation.check" value="true"/>
    <property name="path.separator" value=":"/>
    <property name="java.vm.name" value="Java HotSpot(TM) 64-Bit Server VM"/>
    <property name="sun.os.patch.level" value="unknown"/>
    <property name="user.country" value="MX"/>
    <property name="sun.java.launcher" value="SUN_STANDARD"/>
    <property name="java.vm.specification.name" value="Java Virtual Machine Specification"/>
    <property name="user.dir" value="/Users/daniel/OneDrive - UNIVERSIDAD NACIONAL AUTO패NOMA DE ME패XICO/owncloud/Documentos/CIENCIAS DE LA COMPUTACION/2DO_SEMESTRE/ESTRUCTURAS DE DATOS/PROYECTOS/P2/DataStructures/proyecto2"/>
    <property name="java.vm.compressedOopsMode" value="Zero based"/>
    <property name="java.runtime.version" value="11.0.8+10-LTS"/>
    <property name="java.awt.graphicsenv" value="sun.awt.CGraphicsEnvironment"/>
    <property name="os.arch" value="x86_64"/>
    <property name="java.io.tmpdir" value="/var/folders/bv/5plp6yn57tscxs4kys9cx9vh0000gn/T/"/>
    <property name="line.separator" value="
"/>
    <property name="java.vm.specification.vendor" value="Oracle Corporation"/>
    <property name="os.name" value="Mac OS X"/>
    <property name="classworlds.conf" value="/usr/local/Cellar/maven/3.6.1/libexec/bin/m2.conf"/>
    <property name="sun.jnu.encoding" value="UTF-8"/>
    <property name="java.library.path" value="/Users/daniel/Library/Java/Extensions:/Library/Java/Extensions:/Network/Library/Java/Extensions:/System/Library/Java/Extensions:/usr/lib/java:."/>
    <property name="maven.conf" value="/usr/local/Cellar/maven/3.6.1/libexec/conf"/>
    <property name="jdk.debug" value="release"/>
    <property name="java.class.version" value="55.0"/>
    <property name="java.specification.name" value="Java Platform API Specification"/>
    <property name="sun.management.compiler" value="HotSpot 64-Bit Tiered Compilers"/>
    <property name="os.version" value="10.16"/>
    <property name="library.jansi.path" value="/usr/local/Cellar/maven/3.6.1/libexec/lib/jansi-native"/>
    <property name="http.nonProxyHosts" value="local|*.local|169.254/16|*.169.254/16"/>
    <property name="user.home" value="/Users/daniel"/>
    <property name="user.timezone" value="America/Mexico_City"/>
    <property name="java.awt.printerjob" value="sun.lwawt.macosx.CPrinterJob"/>
    <property name="file.encoding" value="UTF-8"/>
    <property name="java.specification.version" value="11"/>
    <property name="user.name" value="daniel"/>
    <property name="java.class.path" value="/usr/local/Cellar/maven/3.6.1/libexec/boot/plexus-classworlds-2.6.0.jar"/>
    <property name="java.vm.specification.version" value="11"/>
    <property name="sun.arch.data.model" value="64"/>
    <property name="sun.java.command" value="org.codehaus.plexus.classworlds.launcher.Launcher install"/>
    <property name="java.home" value="/Library/Java/JavaVirtualMachines/jdk-11.0.8.jdk/Contents/Home"/>
    <property name="user.language" value="es"/>
    <property name="java.specification.vendor" value="Oracle Corporation"/>
    <property name="awt.toolkit" value="sun.lwawt.macosx.LWCToolkit"/>
    <property name="java.vm.info" value="mixed mode"/>
    <property name="java.version" value="11.0.8"/>
    <property name="java.vendor" value="Oracle Corporation"/>
    <property name="maven.home" value="/usr/local/Cellar/maven/3.6.1/libexec"/>
    <property name="file.separator" value="/"/>
    <property name="java.version.date" value="2020-07-14"/>
    <property name="java.vendor.url.bug" value="https://bugreport.java.com/bugreport/"/>
    <property name="sun.io.unicode.encoding" value="UnicodeBig"/>
    <property name="sun.cpu.endian" value="little"/>
    <property name="java.vendor.version" value="18.9"/>
    <property name="socksNonProxyHosts" value="local|*.local|169.254/16|*.169.254/16"/>
    <property name="ftp.nonProxyHosts" value="local|*.local|169.254/16|*.169.254/16"/>
    <property name="sun.cpu.isalist" value=""/>
  </properties>
  <testcase classname="mx.unam.ciencias.edd.proyecto2.test.TestLista" name="testAgregaFinal" time="0.009"/>
  <testcase classname="mx.unam.ciencias.edd.proyecto2.test.TestLista" name="testElimina" time="0.001"/>
  <testcase classname="mx.unam.ciencias.edd.proyecto2.test.TestLista" name="testMergeSort" time="0.012"/>
  <testcase classname="mx.unam.ciencias.edd.proyecto2.test.TestLista" name="testEsVacia" time="0.001"/>
  <testcase classname="mx.unam.ciencias.edd.proyecto2.test.TestLista" name="testEliminaPrimero" time="0"/>
  <testcase classname="mx.unam.ciencias.edd.proyecto2.test.TestLista" name="testIteradorHasNext" time="0"/>
  <testcase classname="mx.unam.ciencias.edd.proyecto2.test.TestLista" name="testBusquedaLineal" time="0.002"/>
  <testcase classname="mx.unam.ciencias.edd.proyecto2.test.TestLista" name="testGet" time="0.001"/>
  <testcase classname="mx.unam.ciencias.edd.proyecto2.test.TestLista" name="testAgregaInicio" time="0"/>
  <testcase classname="mx.unam.ciencias.edd.proyecto2.test.TestLista" name="testCopia" time="0"/>
  <testcase classname="mx.unam.ciencias.edd.proyecto2.test.TestLista" name="testToString" time="0.03"/>
  <testcase classname="mx.unam.ciencias.edd.proyecto2.test.TestLista" name="testIteradorStart" time="0.001"/>
  <testcase classname="mx.unam.ciencias.edd.proyecto2.test.TestLista" name="testGetLongitud" time="0.001"/>
  <testcase classname="mx.unam.ciencias.edd.proyecto2.test.TestLista" name="testEliminaUltimo" time="0"/>
  <testcase classname="mx.unam.ciencias.edd.proyecto2.test.TestLista" name="testGetPrimero" time="0"/>
  <testcase classname="mx.unam.ciencias.edd.proyecto2.test.TestLista" name="testContiene" time="0"/>
  <testcase classname="mx.unam.ciencias.edd.proyecto2.test.TestLista" name="testIteradorNext" time="0.001"/>
  <testcase classname="mx.unam.ciencias.edd.proyecto2.test.TestLista" name="testIteradorPrevious" time="0.001"/>
  <testcase classname="mx.unam.ciencias.edd.proyecto2.test.TestLista" name="testIteradorEnd" time="0"/>
  <testcase classname="mx.unam.ciencias.edd.proyecto2.test.TestLista" name="testBusquedaLinealLista" time="0.002"/>
  <testcase classname="mx.unam.ciencias.edd.proyecto2.test.TestLista" name="testMergeSortLista" time="0.002"/>
  <testcase classname="mx.unam.ciencias.edd.proyecto2.test.TestLista" name="testReversa" time="0.001"/>
  <testcase classname="mx.unam.ciencias.edd.proyecto2.test.TestLista" name="testGetElementos" time="0.001"/>
  <testcase classname="mx.unam.ciencias.edd.proyecto2.test.TestLista" name="testIteradorHasPrevious" time="0.001"/>
  <testcase classname="mx.unam.ciencias.edd.proyecto2.test.TestLista" name="testIndiceDe" time="0"/>
  <testcase classname="mx.unam.ciencias.edd.proyecto2.test.TestLista" name="testAgrega" time="0.001"/>
  <testcase classname="mx.unam.ciencias.edd.proyecto2.test.TestLista" name="testEquals" time="0.001"/>
  <testcase classname="mx.unam.ciencias.edd.proyecto2.test.TestLista" name="testLimpia" time="0"/>
  <testcase classname="mx.unam.ciencias.edd.proyecto2.test.TestLista" name="testGetUltimo" time="0"/>
  <testcase classname="mx.unam.ciencias.edd.proyecto2.test.TestLista" name="testInserta" time="0.001"/>
  <testcase classname="mx.unam.ciencias.edd.proyecto2.test.TestLista" name="testConstructor" time="0.001"/>
</testsuite>